<?xml version="1.0" encoding="UTF-8"?>
<testng-results ignored="0" total="1" passed="1" failed="0" skipped="0">
  <reporter-output>
  </reporter-output>
  <suite started-at="2021-05-15T10:02:43 IST" name="Default suite" finished-at="2021-05-15T10:03:05 IST" duration-ms="22155">
    <groups>
    </groups>
    <test started-at="2021-05-15T10:02:43 IST" name="Default test" finished-at="2021-05-15T10:03:05 IST" duration-ms="22155">
      <class name="CreateJsonWithPojo.Testcase">
        <test-method is-config="true" signature="beforeSuite()[pri:0, instance:CreateJsonWithPojo.Testcase@5fa07e12]" started-at="2021-05-15T10:02:33 IST" name="beforeSuite" finished-at="2021-05-15T10:02:43 IST" duration-ms="9837" status="PASS">
          <reporter-output>
          </reporter-output>
        </test-method> <!-- beforeSuite -->
        <test-method signature="createUser()[pri:0, instance:CreateJsonWithPojo.Testcase@5fa07e12]" started-at="2021-05-15T10:02:43 IST" name="createUser" finished-at="2021-05-15T10:03:05 IST" duration-ms="22050" status="PASS">
          <reporter-output>
          </reporter-output>
        </test-method> <!-- createUser -->
      </class> <!-- CreateJsonWithPojo.Testcase -->
    </test> <!-- Default test -->
  </suite> <!-- Default suite -->
</testng-results>
